生成启动时间为 2016/12/19 11:54:52。
     1>项目“E:\vsproject\XlTest\Xler\Xler.vcxproj”在节点 2 上(rebuild 个目标)。
     1>_PrepareForClean:
         正在删除文件“Debug\Xler.lastbuildstate”。
       InitializeBuildStatus:
         正在创建“Debug\Xler.unsuccessfulbuild”，因为已指定“AlwaysCreate”。
       ClCompile:
         D:\Program Files (x86)\Microsoft Visual Studio 10.0\VC\bin\CL.exe /c /ZI /nologo /W3 /WX- /Od /Oy- /D _MBCS /Gm /EHsc /RTC1 /MDd /GS /fp:precise /Zc:wchar_t /Zc:forScope /Fo"Debug\\" /Fd"Debug\vc100.pdb" /Gd /TP /analyze- /errorReport:prompt Base\StreamQueue.cpp Base\Stream.cpp main.cpp Server.cpp Base\StreamManager.cpp Base\Thread.cpp
         Thread.cpp
         StreamManager.cpp
         Server.cpp
         main.cpp
         Stream.cpp
         StreamQueue.cpp
         正在生成代码...
       Link:
         D:\Program Files (x86)\Microsoft Visual Studio 10.0\VC\bin\link.exe /ERRORREPORT:PROMPT /OUT:"E:\vsproject\XlTest\Debug\Xler.exe" /NOLOGO kernel32.lib user32.lib gdi32.lib winspool.lib comdlg32.lib advapi32.lib shell32.lib ole32.lib oleaut32.lib uuid.lib odbc32.lib odbccp32.lib /MANIFEST /ManifestFile:"Debug\Xler.exe.intermediate.manifest" /MANIFESTUAC:"level='asInvoker' uiAccess='false'" /DEBUG /PDB:"E:\vsproject\XlTest\Debug\Xler.pdb" /TLBID:1 /DYNAMICBASE /NXCOMPAT /IMPLIB:"E:\vsproject\XlTest\Debug\Xler.lib" /MACHINE:X86 Debug\StreamQueue.obj
         Debug\Stream.obj
         Debug\main.obj
         Debug\Server.obj
         Debug\StreamManager.obj
         Debug\Thread.obj
         Xler.vcxproj -> E:\vsproject\XlTest\Debug\Xler.exe
       Manifest:
         C:\Program Files (x86)\Microsoft SDKs\Windows\v7.0A\bin\mt.exe /nologo /verbose /outputresource:"E:\vsproject\XlTest\Debug\Xler.exe;#1" /manifest Debug\Xler.exe.intermediate.manifest
       FinalizeBuildStatus:
         正在删除文件“Debug\Xler.unsuccessfulbuild”。
         正在对“Debug\Xler.lastbuildstate”执行 Touch 任务。
     1>已完成生成项目“E:\vsproject\XlTest\Xler\Xler.vcxproj”(rebuild 个目标)的操作。

生成成功。

已用时间 00:00:01.33
