E:\VSPROJECT\XLTEST\DEBUG\XLER.EXE
E:\VSPROJECT\XLTEST\DEBUG\XLER.ILK
E:\VSPROJECT\XLTEST\DEBUG\XLER.PDB
E:\vsproject\XlTest\Xler\Debug\cl.command.1.tlog
E:\vsproject\XlTest\Xler\Debug\CL.read.1.tlog
E:\vsproject\XlTest\Xler\Debug\CL.write.1.tlog
E:\vsproject\XlTest\Xler\Debug\link.command.1.tlog
E:\vsproject\XlTest\Xler\Debug\link.read.1.tlog
E:\vsproject\XlTest\Xler\Debug\link.write.1.tlog
E:\VSPROJECT\XLTEST\XLER\DEBUG\MAIN.OBJ
E:\vsproject\XlTest\Xler\Debug\mt.command.1.tlog
E:\vsproject\XlTest\Xler\Debug\mt.read.1.tlog
E:\vsproject\XlTest\Xler\Debug\mt.write.1.tlog
E:\VSPROJECT\XLTEST\XLER\DEBUG\SERVER.OBJ
E:\VSPROJECT\XLTEST\XLER\DEBUG\STREAM.OBJ
E:\VSPROJECT\XLTEST\XLER\DEBUG\STREAMMANAGER.OBJ
E:\VSPROJECT\XLTEST\XLER\DEBUG\STREAMQUEUE.OBJ
E:\VSPROJECT\XLTEST\XLER\DEBUG\THREAD.OBJ
E:\vsproject\XlTest\Xler\Debug\vc100.idb
E:\VSPROJECT\XLTEST\XLER\DEBUG\VC100.PDB
E:\VSPROJECT\XLTEST\XLER\DEBUG\XLER.EXE.INTERMEDIATE.MANIFEST
E:\vsproject\XlTest\Xler\Debug\Xler.write.1.tlog
